[DEBUG] 2019-11-06 23:56:47,933 | /home/macorios/frappe-bench/apps/frappe/frappe/utils/scheduler.py:
Site: library
Queued events for site library
[DEBUG] 2019-11-06 23:57:48,093 | /home/macorios/frappe-bench/apps/frappe/frappe/utils/scheduler.py:
Site: library
Queued events for site library
[DEBUG] 2019-11-06 23:58:48,293 | /home/macorios/frappe-bench/apps/frappe/frappe/utils/scheduler.py:
Site: library
Queued events for site library
[DEBUG] 2019-11-06 23:59:48,536 | /home/macorios/frappe-bench/apps/frappe/frappe/utils/scheduler.py:
Site: library
Queued events for site library
[DEBUG] 2019-11-07 00:00:49,241 | /home/macorios/frappe-bench/apps/frappe/frappe/utils/scheduler.py:
Site: library
Queued events for site library
[DEBUG] 2019-11-07 00:01:49,431 | /home/macorios/frappe-bench/apps/frappe/frappe/utils/scheduler.py:
Site: library
Queued events for site library
[DEBUG] 2019-11-07 00:02:49,617 | /home/macorios/frappe-bench/apps/frappe/frappe/utils/scheduler.py:
Site: library
Queued events for site library
[DEBUG] 2019-11-07 00:05:58,078 | /home/macorios/frappe-bench/apps/frappe/frappe/utils/scheduler.py:
Site: library
Queued events for site library
[DEBUG] 2019-11-07 00:06:58,324 | /home/macorios/frappe-bench/apps/frappe/frappe/utils/scheduler.py:
Site: library
Queued events for site library
[DEBUG] 2019-11-07 00:07:58,647 | /home/macorios/frappe-bench/apps/frappe/frappe/utils/scheduler.py:
Site: library
Queued events for site library
[DEBUG] 2019-11-07 00:08:58,919 | /home/macorios/frappe-bench/apps/frappe/frappe/utils/scheduler.py:
Site: library
Queued events for site library
[DEBUG] 2019-11-07 00:09:59,055 | /home/macorios/frappe-bench/apps/frappe/frappe/utils/scheduler.py:
Site: library
Queued events for site library
[DEBUG] 2019-11-07 21:13:01,299 | /home/macorios/frappe-bench/apps/frappe/frappe/utils/scheduler.py:
Site: library
Queued events for site library
[DEBUG] 2019-11-07 21:14:01,476 | /home/macorios/frappe-bench/apps/frappe/frappe/utils/scheduler.py:
Site: library
Queued events for site library
[DEBUG] 2019-11-07 21:15:01,674 | /home/macorios/frappe-bench/apps/frappe/frappe/utils/scheduler.py:
Site: library
Queued events for site library
[DEBUG] 2019-11-07 21:16:01,991 | /home/macorios/frappe-bench/apps/frappe/frappe/utils/scheduler.py:
Site: library
Queued events for site library
[DEBUG] 2019-11-07 21:17:02,350 | /home/macorios/frappe-bench/apps/frappe/frappe/utils/scheduler.py:
Site: library
Queued events for site library
[DEBUG] 2019-11-07 21:18:02,520 | /home/macorios/frappe-bench/apps/frappe/frappe/utils/scheduler.py:
Site: library
Queued events for site library
[DEBUG] 2019-11-07 21:19:02,741 | /home/macorios/frappe-bench/apps/frappe/frappe/utils/scheduler.py:
Site: library
Queued events for site library
[DEBUG] 2019-11-07 21:20:03,019 | /home/macorios/frappe-bench/apps/frappe/frappe/utils/scheduler.py:
Site: library
Queued events for site library
[DEBUG] 2019-11-07 21:21:03,206 | /home/macorios/frappe-bench/apps/frappe/frappe/utils/scheduler.py:
Site: library
Queued events for site library
[DEBUG] 2019-11-07 21:22:03,358 | /home/macorios/frappe-bench/apps/frappe/frappe/utils/scheduler.py:
Site: library
Queued events for site library
[DEBUG] 2019-11-07 21:23:03,702 | /home/macorios/frappe-bench/apps/frappe/frappe/utils/scheduler.py:
Site: library
Queued events for site library
[DEBUG] 2019-11-07 21:24:04,223 | /home/macorios/frappe-bench/apps/frappe/frappe/utils/scheduler.py:
Site: library
Queued events for site library
[DEBUG] 2019-11-07 21:25:04,431 | /home/macorios/frappe-bench/apps/frappe/frappe/utils/scheduler.py:
Site: library
Queued events for site library
[DEBUG] 2019-11-07 21:26:04,648 | /home/macorios/frappe-bench/apps/frappe/frappe/utils/scheduler.py:
Site: library
Queued events for site library
[DEBUG] 2019-11-07 21:27:04,879 | /home/macorios/frappe-bench/apps/frappe/frappe/utils/scheduler.py:
Site: library
Queued events for site library
[DEBUG] 2019-11-07 21:28:05,262 | /home/macorios/frappe-bench/apps/frappe/frappe/utils/scheduler.py:
Site: library
Queued events for site library
[DEBUG] 2019-11-07 21:29:05,452 | /home/macorios/frappe-bench/apps/frappe/frappe/utils/scheduler.py:
Site: library
Queued events for site library
[DEBUG] 2019-11-07 21:30:05,632 | /home/macorios/frappe-bench/apps/frappe/frappe/utils/scheduler.py:
Site: library
Queued events for site library
[DEBUG] 2019-11-07 21:31:05,840 | /home/macorios/frappe-bench/apps/frappe/frappe/utils/scheduler.py:
Site: library
Queued events for site library
[DEBUG] 2019-11-07 21:32:06,117 | /home/macorios/frappe-bench/apps/frappe/frappe/utils/scheduler.py:
Site: library
Queued events for site library
[DEBUG] 2019-11-07 21:33:06,318 | /home/macorios/frappe-bench/apps/frappe/frappe/utils/scheduler.py:
Site: library
Queued events for site library
[DEBUG] 2019-11-07 21:34:06,514 | /home/macorios/frappe-bench/apps/frappe/frappe/utils/scheduler.py:
Site: library
Queued events for site library
[DEBUG] 2019-11-07 21:35:06,899 | /home/macorios/frappe-bench/apps/frappe/frappe/utils/scheduler.py:
Site: library
Queued events for site library
[DEBUG] 2019-11-07 21:36:07,287 | /home/macorios/frappe-bench/apps/frappe/frappe/utils/scheduler.py:
Site: library
Queued events for site library
[DEBUG] 2019-11-07 21:37:07,508 | /home/macorios/frappe-bench/apps/frappe/frappe/utils/scheduler.py:
Site: library
Queued events for site library
[DEBUG] 2019-11-07 21:38:07,722 | /home/macorios/frappe-bench/apps/frappe/frappe/utils/scheduler.py:
Site: library
Queued events for site library
[DEBUG] 2019-11-07 21:39:07,928 | /home/macorios/frappe-bench/apps/frappe/frappe/utils/scheduler.py:
Site: library
Queued events for site library
[DEBUG] 2019-11-07 21:40:08,315 | /home/macorios/frappe-bench/apps/frappe/frappe/utils/scheduler.py:
Site: library
Queued events for site library
[DEBUG] 2019-11-07 21:41:08,621 | /home/macorios/frappe-bench/apps/frappe/frappe/utils/scheduler.py:
Site: library
Queued events for site library
[DEBUG] 2019-11-07 21:42:08,824 | /home/macorios/frappe-bench/apps/frappe/frappe/utils/scheduler.py:
Site: library
Queued events for site library
[DEBUG] 2019-11-07 21:43:09,150 | /home/macorios/frappe-bench/apps/frappe/frappe/utils/scheduler.py:
Site: library
Queued events for site library
[DEBUG] 2019-11-07 21:44:09,511 | /home/macorios/frappe-bench/apps/frappe/frappe/utils/scheduler.py:
Site: library
Queued events for site library
[DEBUG] 2019-11-07 21:45:09,763 | /home/macorios/frappe-bench/apps/frappe/frappe/utils/scheduler.py:
Site: library
Queued events for site library
[DEBUG] 2019-11-07 21:46:10,016 | /home/macorios/frappe-bench/apps/frappe/frappe/utils/scheduler.py:
Site: library
Queued events for site library
[DEBUG] 2019-11-07 21:47:10,243 | /home/macorios/frappe-bench/apps/frappe/frappe/utils/scheduler.py:
Site: library
Queued events for site library
[DEBUG] 2019-11-07 21:48:10,651 | /home/macorios/frappe-bench/apps/frappe/frappe/utils/scheduler.py:
Site: library
Queued events for site library
[DEBUG] 2019-11-07 21:49:10,784 | /home/macorios/frappe-bench/apps/frappe/frappe/utils/scheduler.py:
Site: library
Queued events for site library
[DEBUG] 2019-11-07 21:50:11,093 | /home/macorios/frappe-bench/apps/frappe/frappe/utils/scheduler.py:
Site: library
Queued events for site library
[DEBUG] 2019-11-07 21:51:11,314 | /home/macorios/frappe-bench/apps/frappe/frappe/utils/scheduler.py:
Site: library
Queued events for site library
[DEBUG] 2019-11-07 21:52:11,619 | /home/macorios/frappe-bench/apps/frappe/frappe/utils/scheduler.py:
Site: library
Queued events for site library
[DEBUG] 2019-11-07 21:53:11,846 | /home/macorios/frappe-bench/apps/frappe/frappe/utils/scheduler.py:
Site: library
Queued events for site library
[DEBUG] 2019-11-07 21:54:12,114 | /home/macorios/frappe-bench/apps/frappe/frappe/utils/scheduler.py:
Site: library
Queued events for site library
[DEBUG] 2019-11-07 21:55:12,322 | /home/macorios/frappe-bench/apps/frappe/frappe/utils/scheduler.py:
Site: library
Queued events for site library
[DEBUG] 2019-11-07 22:05:15,986 | /home/macorios/frappe-bench/apps/frappe/frappe/utils/scheduler.py:
Site: library
Queued events for site library
[DEBUG] 2019-11-07 22:10:59,904 | /home/macorios/frappe-bench/apps/frappe/frappe/utils/scheduler.py:
Site: library
Queued events for site library
[DEBUG] 2019-11-07 22:12:00,421 | /home/macorios/frappe-bench/apps/frappe/frappe/utils/scheduler.py:
Site: library
Queued events for site library
[DEBUG] 2019-11-07 22:13:00,720 | /home/macorios/frappe-bench/apps/frappe/frappe/utils/scheduler.py:
Site: library
Queued events for site library
[DEBUG] 2019-11-07 22:14:01,041 | /home/macorios/frappe-bench/apps/frappe/frappe/utils/scheduler.py:
Site: library
Queued events for site library
[DEBUG] 2019-11-07 22:15:01,209 | /home/macorios/frappe-bench/apps/frappe/frappe/utils/scheduler.py:
Site: library
Queued events for site library
[DEBUG] 2019-11-07 22:16:01,593 | /home/macorios/frappe-bench/apps/frappe/frappe/utils/scheduler.py:
Site: library
Queued events for site library
[DEBUG] 2019-11-07 22:17:01,864 | /home/macorios/frappe-bench/apps/frappe/frappe/utils/scheduler.py:
Site: library
Queued events for site library
[DEBUG] 2019-11-07 22:18:02,136 | /home/macorios/frappe-bench/apps/frappe/frappe/utils/scheduler.py:
Site: library
Queued events for site library
[DEBUG] 2019-11-07 22:19:02,313 | /home/macorios/frappe-bench/apps/frappe/frappe/utils/scheduler.py:
Site: library
Queued events for site library
[DEBUG] 2019-11-07 22:20:02,561 | /home/macorios/frappe-bench/apps/frappe/frappe/utils/scheduler.py:
Site: library
Queued events for site library
[DEBUG] 2019-11-07 22:21:02,736 | /home/macorios/frappe-bench/apps/frappe/frappe/utils/scheduler.py:
Site: library
Queued events for site library
[DEBUG] 2019-11-07 22:22:02,946 | /home/macorios/frappe-bench/apps/frappe/frappe/utils/scheduler.py:
Site: library
Queued events for site library
[DEBUG] 2019-11-07 22:23:03,205 | /home/macorios/frappe-bench/apps/frappe/frappe/utils/scheduler.py:
Site: library
Queued events for site library
[DEBUG] 2019-11-07 22:24:03,481 | /home/macorios/frappe-bench/apps/frappe/frappe/utils/scheduler.py:
Site: library
Queued events for site library
[DEBUG] 2019-11-07 22:25:03,684 | /home/macorios/frappe-bench/apps/frappe/frappe/utils/scheduler.py:
Site: library
Queued events for site library
[DEBUG] 2019-11-07 22:26:03,905 | /home/macorios/frappe-bench/apps/frappe/frappe/utils/scheduler.py:
Site: library
Queued events for site library
[DEBUG] 2019-11-07 22:27:04,125 | /home/macorios/frappe-bench/apps/frappe/frappe/utils/scheduler.py:
Site: library
Queued events for site library
[DEBUG] 2019-11-07 22:28:04,404 | /home/macorios/frappe-bench/apps/frappe/frappe/utils/scheduler.py:
Site: library
Queued events for site library
[DEBUG] 2019-11-07 22:29:04,689 | /home/macorios/frappe-bench/apps/frappe/frappe/utils/scheduler.py:
Site: library
Queued events for site library
[DEBUG] 2019-11-07 22:30:04,925 | /home/macorios/frappe-bench/apps/frappe/frappe/utils/scheduler.py:
Site: library
Queued events for site library
[DEBUG] 2019-11-07 22:31:05,105 | /home/macorios/frappe-bench/apps/frappe/frappe/utils/scheduler.py:
Site: library
Queued events for site library
[DEBUG] 2019-11-07 22:32:05,486 | /home/macorios/frappe-bench/apps/frappe/frappe/utils/scheduler.py:
Site: library
Queued events for site library
[DEBUG] 2019-11-07 22:33:05,754 | /home/macorios/frappe-bench/apps/frappe/frappe/utils/scheduler.py:
Site: library
Queued events for site library
[DEBUG] 2019-11-07 22:34:05,931 | /home/macorios/frappe-bench/apps/frappe/frappe/utils/scheduler.py:
Site: library
Queued events for site library
[DEBUG] 2019-11-07 22:35:06,103 | /home/macorios/frappe-bench/apps/frappe/frappe/utils/scheduler.py:
Site: library
Queued events for site library
[DEBUG] 2019-11-07 22:36:06,396 | /home/macorios/frappe-bench/apps/frappe/frappe/utils/scheduler.py:
Site: library
Queued events for site library
[DEBUG] 2019-11-07 22:37:06,576 | /home/macorios/frappe-bench/apps/frappe/frappe/utils/scheduler.py:
Site: library
Queued events for site library
[DEBUG] 2019-11-07 22:38:06,777 | /home/macorios/frappe-bench/apps/frappe/frappe/utils/scheduler.py:
Site: library
Queued events for site library
[DEBUG] 2019-11-07 22:39:06,951 | /home/macorios/frappe-bench/apps/frappe/frappe/utils/scheduler.py:
Site: library
Queued events for site library
[DEBUG] 2019-11-07 22:40:07,311 | /home/macorios/frappe-bench/apps/frappe/frappe/utils/scheduler.py:
Site: library
Queued events for site library
[DEBUG] 2019-11-07 22:41:07,496 | /home/macorios/frappe-bench/apps/frappe/frappe/utils/scheduler.py:
Site: library
Queued events for site library
[ERROR] 2019-11-07 22:42:03,559 | /home/macorios/frappe-bench/apps/frappe/frappe/app.py:
Site: library
Form Dict: {
 "cmd": "frappe.core.doctype.user.user.reset_password",
 "user": "mark0android900@gmail.com"
}
Request Error
Traceback (most recent call last):
  File "/home/macorios/frappe-bench/apps/frappe/frappe/app.py", line 60, in application
    response = frappe.api.handle()
  File "/home/macorios/frappe-bench/apps/frappe/frappe/api.py", line 55, in handle
    return frappe.handler.handle()
  File "/home/macorios/frappe-bench/apps/frappe/frappe/handler.py", line 22, in handle
    data = execute_cmd(cmd)
  File "/home/macorios/frappe-bench/apps/frappe/frappe/handler.py", line 61, in execute_cmd
    return frappe.call(method, **frappe.form_dict)
  File "/home/macorios/frappe-bench/apps/frappe/frappe/__init__.py", line 1038, in call
    return fn(*args, **newargs)
  File "/home/macorios/frappe-bench/apps/frappe/frappe/core/doctype/user/user.py", line 792, in reset_password
    user.reset_password(send_email=True)
  File "/home/macorios/frappe-bench/apps/frappe/frappe/core/doctype/user/user.py", line 228, in reset_password
    self.password_reset_mail(link)
  File "/home/macorios/frappe-bench/apps/frappe/frappe/core/doctype/user/user.py", line 247, in password_reset_mail
    "password_reset", {"link": link}, now=True)
  File "/home/macorios/frappe-bench/apps/frappe/frappe/core/doctype/user/user.py", line 292, in send_login_mail
    delayed=(not now) if now!=None else self.flags.delay_emails, retry=3)
  File "/home/macorios/frappe-bench/apps/frappe/frappe/__init__.py", line 472, in sendmail
    inline_images=inline_images, header=header, print_letterhead=print_letterhead)
  File "/home/macorios/frappe-bench/apps/frappe/frappe/email/queue.py", line 68, in send
    email_account = get_outgoing_email_account(True, append_to=reference_doctype, sender=sender)
  File "/home/macorios/frappe-bench/apps/frappe/frappe/email/smtp.py", line 86, in get_outgoing_email_account
    frappe.OutgoingEmailError)
  File "/home/macorios/frappe-bench/apps/frappe/frappe/__init__.py", line 360, in throw
    msgprint(msg, raise_exception=exc, title=title, indicator='red')
  File "/home/macorios/frappe-bench/apps/frappe/frappe/__init__.py", line 346, in msgprint
    _raise_exception()
  File "/home/macorios/frappe-bench/apps/frappe/frappe/__init__.py", line 315, in _raise_exception
    raise raise_exception(msg)
frappe.exceptions.OutgoingEmailError: Please setup default Email Account from Setup > Email > Email Account
[ERROR] 2019-11-07 22:42:03,911 | /home/macorios/frappe-bench/apps/frappe/frappe/utils/error.py:
Could not take error snapshot: startswith first arg must be str or a tuple of str, not bytes
Traceback (most recent call last):
  File "/home/macorios/frappe-bench/apps/frappe/frappe/app.py", line 60, in application
    response = frappe.api.handle()
  File "/home/macorios/frappe-bench/apps/frappe/frappe/api.py", line 55, in handle
    return frappe.handler.handle()
  File "/home/macorios/frappe-bench/apps/frappe/frappe/handler.py", line 22, in handle
    data = execute_cmd(cmd)
  File "/home/macorios/frappe-bench/apps/frappe/frappe/handler.py", line 61, in execute_cmd
    return frappe.call(method, **frappe.form_dict)
  File "/home/macorios/frappe-bench/apps/frappe/frappe/__init__.py", line 1038, in call
    return fn(*args, **newargs)
  File "/home/macorios/frappe-bench/apps/frappe/frappe/core/doctype/user/user.py", line 792, in reset_password
    user.reset_password(send_email=True)
  File "/home/macorios/frappe-bench/apps/frappe/frappe/core/doctype/user/user.py", line 228, in reset_password
    self.password_reset_mail(link)
  File "/home/macorios/frappe-bench/apps/frappe/frappe/core/doctype/user/user.py", line 247, in password_reset_mail
    "password_reset", {"link": link}, now=True)
  File "/home/macorios/frappe-bench/apps/frappe/frappe/core/doctype/user/user.py", line 292, in send_login_mail
    delayed=(not now) if now!=None else self.flags.delay_emails, retry=3)
  File "/home/macorios/frappe-bench/apps/frappe/frappe/__init__.py", line 472, in sendmail
    inline_images=inline_images, header=header, print_letterhead=print_letterhead)
  File "/home/macorios/frappe-bench/apps/frappe/frappe/email/queue.py", line 68, in send
    email_account = get_outgoing_email_account(True, append_to=reference_doctype, sender=sender)
  File "/home/macorios/frappe-bench/apps/frappe/frappe/email/smtp.py", line 86, in get_outgoing_email_account
    frappe.OutgoingEmailError)
  File "/home/macorios/frappe-bench/apps/frappe/frappe/__init__.py", line 360, in throw
    msgprint(msg, raise_exception=exc, title=title, indicator='red')
  File "/home/macorios/frappe-bench/apps/frappe/frappe/__init__.py", line 346, in msgprint
    _raise_exception()
  File "/home/macorios/frappe-bench/apps/frappe/frappe/__init__.py", line 315, in _raise_exception
    raise raise_exception(msg)
frappe.exceptions.OutgoingEmailError: Please setup default Email Account from Setup > Email > Email Account

During handling of the above exception, another exception occurred:

Traceback (most recent call last):
  File "/home/macorios/frappe-bench/apps/frappe/frappe/utils/error.py", line 36, in make_error_snapshot
    snapshot = get_snapshot(exception)
  File "/home/macorios/frappe-bench/apps/frappe/frappe/utils/error.py", line 131, in get_snapshot
    if type(value)==str and value.startswith(b"u'"):
TypeError: startswith first arg must be str or a tuple of str, not bytes
[DEBUG] 2019-11-07 22:42:07,704 | /home/macorios/frappe-bench/apps/frappe/frappe/utils/scheduler.py:
Site: library
Queued events for site library
[DEBUG] 2019-11-07 22:43:07,869 | /home/macorios/frappe-bench/apps/frappe/frappe/utils/scheduler.py:
Site: library
Queued events for site library
[DEBUG] 2019-11-07 22:44:08,260 | /home/macorios/frappe-bench/apps/frappe/frappe/utils/scheduler.py:
Site: library
Queued events for site library
[DEBUG] 2019-11-07 22:45:08,449 | /home/macorios/frappe-bench/apps/frappe/frappe/utils/scheduler.py:
Site: library
Queued events for site library
[DEBUG] 2019-11-07 22:46:08,864 | /home/macorios/frappe-bench/apps/frappe/frappe/utils/scheduler.py:
Site: library
Queued events for site library
[DEBUG] 2019-11-07 22:47:09,037 | /home/macorios/frappe-bench/apps/frappe/frappe/utils/scheduler.py:
Site: library
Queued events for site library
[DEBUG] 2019-11-07 22:48:09,314 | /home/macorios/frappe-bench/apps/frappe/frappe/utils/scheduler.py:
Site: library
Queued events for site library
[DEBUG] 2019-11-07 22:49:09,488 | /home/macorios/frappe-bench/apps/frappe/frappe/utils/scheduler.py:
Site: library
Queued events for site library
[DEBUG] 2019-11-07 22:50:09,758 | /home/macorios/frappe-bench/apps/frappe/frappe/utils/scheduler.py:
Site: library
Queued events for site library
[DEBUG] 2019-11-07 22:51:09,984 | /home/macorios/frappe-bench/apps/frappe/frappe/utils/scheduler.py:
Site: library
Queued events for site library
[DEBUG] 2019-11-07 22:52:10,268 | /home/macorios/frappe-bench/apps/frappe/frappe/utils/scheduler.py:
Site: library
Queued events for site library
[DEBUG] 2019-11-07 22:53:10,464 | /home/macorios/frappe-bench/apps/frappe/frappe/utils/scheduler.py:
Site: library
Queued events for site library
[DEBUG] 2019-11-07 22:54:10,778 | /home/macorios/frappe-bench/apps/frappe/frappe/utils/scheduler.py:
Site: library
Queued events for site library
[DEBUG] 2019-11-07 22:55:11,048 | /home/macorios/frappe-bench/apps/frappe/frappe/utils/scheduler.py:
Site: library
Queued events for site library
[DEBUG] 2019-11-07 22:56:11,282 | /home/macorios/frappe-bench/apps/frappe/frappe/utils/scheduler.py:
Site: library
Queued events for site library
[DEBUG] 2019-11-07 22:57:11,461 | /home/macorios/frappe-bench/apps/frappe/frappe/utils/scheduler.py:
Site: library
Queued events for site library
[DEBUG] 2019-11-07 22:58:11,637 | /home/macorios/frappe-bench/apps/frappe/frappe/utils/scheduler.py:
Site: library
Queued events for site library
[DEBUG] 2019-11-07 22:59:11,853 | /home/macorios/frappe-bench/apps/frappe/frappe/utils/scheduler.py:
Site: library
Queued events for site library
[DEBUG] 2019-11-07 23:00:12,164 | /home/macorios/frappe-bench/apps/frappe/frappe/utils/scheduler.py:
Site: library
Queued events for site library
[DEBUG] 2019-11-07 23:01:12,348 | /home/macorios/frappe-bench/apps/frappe/frappe/utils/scheduler.py:
Site: library
Queued events for site library
[DEBUG] 2019-11-07 23:02:12,512 | /home/macorios/frappe-bench/apps/frappe/frappe/utils/scheduler.py:
Site: library
Queued events for site library
[DEBUG] 2019-11-07 23:03:12,739 | /home/macorios/frappe-bench/apps/frappe/frappe/utils/scheduler.py:
Site: library
Queued events for site library
[DEBUG] 2019-11-07 23:04:13,077 | /home/macorios/frappe-bench/apps/frappe/frappe/utils/scheduler.py:
Site: library
Queued events for site library
[DEBUG] 2019-11-07 23:05:13,312 | /home/macorios/frappe-bench/apps/frappe/frappe/utils/scheduler.py:
Site: library
Queued events for site library
[DEBUG] 2019-11-07 23:06:13,530 | /home/macorios/frappe-bench/apps/frappe/frappe/utils/scheduler.py:
Site: library
Queued events for site library
[DEBUG] 2019-11-07 23:07:13,652 | /home/macorios/frappe-bench/apps/frappe/frappe/utils/scheduler.py:
Site: library
Queued events for site library
[DEBUG] 2019-11-07 23:08:13,938 | /home/macorios/frappe-bench/apps/frappe/frappe/utils/scheduler.py:
Site: library
Queued events for site library
[DEBUG] 2019-11-07 23:09:14,145 | /home/macorios/frappe-bench/apps/frappe/frappe/utils/scheduler.py:
Site: library
Queued events for site library
[DEBUG] 2019-11-07 23:10:14,344 | /home/macorios/frappe-bench/apps/frappe/frappe/utils/scheduler.py:
Site: library
Queued events for site library
[DEBUG] 2019-11-07 23:11:14,628 | /home/macorios/frappe-bench/apps/frappe/frappe/utils/scheduler.py:
Site: library
Queued events for site library
[DEBUG] 2019-11-07 23:12:14,967 | /home/macorios/frappe-bench/apps/frappe/frappe/utils/scheduler.py:
Site: library
Queued events for site library
[DEBUG] 2019-11-07 23:13:15,132 | /home/macorios/frappe-bench/apps/frappe/frappe/utils/scheduler.py:
Site: library
Queued events for site library
[DEBUG] 2019-11-07 23:14:15,307 | /home/macorios/frappe-bench/apps/frappe/frappe/utils/scheduler.py:
Site: library
Queued events for site library
[DEBUG] 2019-11-07 23:15:15,552 | /home/macorios/frappe-bench/apps/frappe/frappe/utils/scheduler.py:
Site: library
Queued events for site library
[DEBUG] 2019-11-07 23:16:15,748 | /home/macorios/frappe-bench/apps/frappe/frappe/utils/scheduler.py:
Site: library
Queued events for site library
[DEBUG] 2019-11-07 23:17:15,877 | /home/macorios/frappe-bench/apps/frappe/frappe/utils/scheduler.py:
Site: library
Queued events for site library
[DEBUG] 2019-11-07 23:18:15,995 | /home/macorios/frappe-bench/apps/frappe/frappe/utils/scheduler.py:
Site: library
Queued events for site library
[DEBUG] 2019-11-07 23:19:16,177 | /home/macorios/frappe-bench/apps/frappe/frappe/utils/scheduler.py:
Site: library
Queued events for site library
[DEBUG] 2019-11-07 23:20:16,472 | /home/macorios/frappe-bench/apps/frappe/frappe/utils/scheduler.py:
Site: library
Queued events for site library
[DEBUG] 2019-11-07 23:21:16,667 | /home/macorios/frappe-bench/apps/frappe/frappe/utils/scheduler.py:
Site: library
Queued events for site library
[DEBUG] 2019-11-07 23:22:16,849 | /home/macorios/frappe-bench/apps/frappe/frappe/utils/scheduler.py:
Site: library
Queued events for site library
[DEBUG] 2019-11-07 23:23:17,057 | /home/macorios/frappe-bench/apps/frappe/frappe/utils/scheduler.py:
Site: library
Queued events for site library
[DEBUG] 2019-11-07 23:24:17,325 | /home/macorios/frappe-bench/apps/frappe/frappe/utils/scheduler.py:
Site: library
Queued events for site library
[DEBUG] 2019-11-07 23:25:17,514 | /home/macorios/frappe-bench/apps/frappe/frappe/utils/scheduler.py:
Site: library
Queued events for site library
[DEBUG] 2019-11-07 23:26:17,749 | /home/macorios/frappe-bench/apps/frappe/frappe/utils/scheduler.py:
Site: library
Queued events for site library
[DEBUG] 2019-11-07 23:28:46,366 | /home/macorios/frappe-bench/apps/frappe/frappe/utils/scheduler.py:
Site: library
Queued events for site library
[DEBUG] 2019-11-07 23:29:46,597 | /home/macorios/frappe-bench/apps/frappe/frappe/utils/scheduler.py:
Site: library
Queued events for site library
[DEBUG] 2019-11-07 23:30:46,825 | /home/macorios/frappe-bench/apps/frappe/frappe/utils/scheduler.py:
Site: library
Queued events for site library
[DEBUG] 2019-11-07 23:31:47,026 | /home/macorios/frappe-bench/apps/frappe/frappe/utils/scheduler.py:
Site: library
Queued events for site library
[DEBUG] 2019-11-07 23:32:47,384 | /home/macorios/frappe-bench/apps/frappe/frappe/utils/scheduler.py:
Site: library
Queued events for site library
[DEBUG] 2019-11-07 23:33:47,613 | /home/macorios/frappe-bench/apps/frappe/frappe/utils/scheduler.py:
Site: library
Queued events for site library
[DEBUG] 2019-11-07 23:34:47,724 | /home/macorios/frappe-bench/apps/frappe/frappe/utils/scheduler.py:
Site: library
Queued events for site library
[DEBUG] 2019-11-07 23:35:47,957 | /home/macorios/frappe-bench/apps/frappe/frappe/utils/scheduler.py:
Site: library
Queued events for site library
[DEBUG] 2019-11-07 23:36:48,226 | /home/macorios/frappe-bench/apps/frappe/frappe/utils/scheduler.py:
Site: library
Queued events for site library
[DEBUG] 2019-11-07 23:38:54,222 | /home/macorios/frappe-bench/apps/frappe/frappe/utils/scheduler.py:
Site: library
Queued events for site library
[DEBUG] 2019-11-07 23:39:54,410 | /home/macorios/frappe-bench/apps/frappe/frappe/utils/scheduler.py:
Site: library
Queued events for site library
[DEBUG] 2019-11-07 23:40:54,825 | /home/macorios/frappe-bench/apps/frappe/frappe/utils/scheduler.py:
Site: library
Queued events for site library
[DEBUG] 2019-11-07 23:41:55,034 | /home/macorios/frappe-bench/apps/frappe/frappe/utils/scheduler.py:
Site: library
Queued events for site library
[DEBUG] 2019-11-07 23:42:55,245 | /home/macorios/frappe-bench/apps/frappe/frappe/utils/scheduler.py:
Site: library
Queued events for site library
[DEBUG] 2019-11-07 23:43:55,397 | /home/macorios/frappe-bench/apps/frappe/frappe/utils/scheduler.py:
Site: library
Queued events for site library
[DEBUG] 2019-11-07 23:44:55,649 | /home/macorios/frappe-bench/apps/frappe/frappe/utils/scheduler.py:
Site: library
Queued events for site library
[DEBUG] 2019-11-07 23:45:55,810 | /home/macorios/frappe-bench/apps/frappe/frappe/utils/scheduler.py:
Site: library
Queued events for site library
[DEBUG] 2019-11-07 23:46:55,970 | /home/macorios/frappe-bench/apps/frappe/frappe/utils/scheduler.py:
Site: library
Queued events for site library
[DEBUG] 2019-11-07 23:47:56,098 | /home/macorios/frappe-bench/apps/frappe/frappe/utils/scheduler.py:
Site: library
Queued events for site library
[DEBUG] 2019-11-07 23:48:56,376 | /home/macorios/frappe-bench/apps/frappe/frappe/utils/scheduler.py:
Site: library
Queued events for site library
[DEBUG] 2019-11-07 23:49:56,614 | /home/macorios/frappe-bench/apps/frappe/frappe/utils/scheduler.py:
Site: library
Queued events for site library
[DEBUG] 2019-11-07 23:50:56,725 | /home/macorios/frappe-bench/apps/frappe/frappe/utils/scheduler.py:
Site: library
Queued events for site library
[DEBUG] 2019-11-07 23:51:56,903 | /home/macorios/frappe-bench/apps/frappe/frappe/utils/scheduler.py:
Site: library
Queued events for site library
[DEBUG] 2019-11-07 23:52:57,209 | /home/macorios/frappe-bench/apps/frappe/frappe/utils/scheduler.py:
Site: library
Queued events for site library
[DEBUG] 2019-11-07 23:53:57,482 | /home/macorios/frappe-bench/apps/frappe/frappe/utils/scheduler.py:
Site: library
Queued events for site library
[DEBUG] 2019-11-07 23:54:57,680 | /home/macorios/frappe-bench/apps/frappe/frappe/utils/scheduler.py:
Site: library
Queued events for site library
[DEBUG] 2019-11-07 23:55:58,901 | /home/macorios/frappe-bench/apps/frappe/frappe/utils/scheduler.py:
Site: library
Queued events for site library
[DEBUG] 2019-11-11 10:20:28,123 | /home/macorios/frappe-bench/apps/frappe/frappe/utils/scheduler.py:
Site: library
Queued events for site library
[DEBUG] 2019-11-11 10:21:28,386 | /home/macorios/frappe-bench/apps/frappe/frappe/utils/scheduler.py:
Site: library
Queued events for site library
[DEBUG] 2019-11-11 10:22:28,604 | /home/macorios/frappe-bench/apps/frappe/frappe/utils/scheduler.py:
Site: library
Queued events for site library
[DEBUG] 2019-11-11 10:23:28,890 | /home/macorios/frappe-bench/apps/frappe/frappe/utils/scheduler.py:
Site: library
Queued events for site library
[DEBUG] 2019-11-11 10:24:29,299 | /home/macorios/frappe-bench/apps/frappe/frappe/utils/scheduler.py:
Site: library
Queued events for site library
[DEBUG] 2019-11-11 10:25:29,431 | /home/macorios/frappe-bench/apps/frappe/frappe/utils/scheduler.py:
Site: library
Queued events for site library
[DEBUG] 2019-11-11 10:26:29,792 | /home/macorios/frappe-bench/apps/frappe/frappe/utils/scheduler.py:
Site: library
Queued events for site library
[DEBUG] 2019-11-11 10:27:29,933 | /home/macorios/frappe-bench/apps/frappe/frappe/utils/scheduler.py:
Site: library
Queued events for site library
[DEBUG] 2019-11-12 11:56:58,185 | /home/macorios/frappe-bench/apps/frappe/frappe/utils/scheduler.py:
Site: library
Queued events for site library
[DEBUG] 2019-11-12 11:57:58,338 | /home/macorios/frappe-bench/apps/frappe/frappe/utils/scheduler.py:
Site: library
Queued events for site library
[DEBUG] 2019-11-12 12:01:12,449 | /home/macorios/frappe-bench/apps/frappe/frappe/utils/scheduler.py:
Site: library
Queued events for site library
[DEBUG] 2019-11-12 12:02:12,707 | /home/macorios/frappe-bench/apps/frappe/frappe/utils/scheduler.py:
Site: library
Queued events for site library
[DEBUG] 2019-11-12 12:03:13,013 | /home/macorios/frappe-bench/apps/frappe/frappe/utils/scheduler.py:
Site: library
Queued events for site library
[DEBUG] 2019-11-12 12:04:13,510 | /home/macorios/frappe-bench/apps/frappe/frappe/utils/scheduler.py:
Site: library
Queued events for site library
[DEBUG] 2019-11-12 12:05:13,766 | /home/macorios/frappe-bench/apps/frappe/frappe/utils/scheduler.py:
Site: library
Queued events for site library
[DEBUG] 2019-11-12 12:06:13,979 | /home/macorios/frappe-bench/apps/frappe/frappe/utils/scheduler.py:
Site: library
Queued events for site library
[DEBUG] 2019-11-12 12:07:14,185 | /home/macorios/frappe-bench/apps/frappe/frappe/utils/scheduler.py:
Site: library
Queued events for site library
[DEBUG] 2019-11-12 12:08:14,591 | /home/macorios/frappe-bench/apps/frappe/frappe/utils/scheduler.py:
Site: library
Queued events for site library
[DEBUG] 2019-11-12 12:16:48,639 | /home/macorios/frappe-bench/apps/frappe/frappe/utils/scheduler.py:
Site: library
Queued events for site library
[DEBUG] 2019-11-12 12:17:48,961 | /home/macorios/frappe-bench/apps/frappe/frappe/utils/scheduler.py:
Site: library
Queued events for site library
[DEBUG] 2019-11-12 12:18:49,220 | /home/macorios/frappe-bench/apps/frappe/frappe/utils/scheduler.py:
Site: library
Queued events for site library
[DEBUG] 2019-11-12 12:19:49,571 | /home/macorios/frappe-bench/apps/frappe/frappe/utils/scheduler.py:
Site: library
Queued events for site library
[DEBUG] 2019-11-12 12:20:50,054 | /home/macorios/frappe-bench/apps/frappe/frappe/utils/scheduler.py:
Site: library
Queued events for site library
[DEBUG] 2019-11-12 12:21:50,177 | /home/macorios/frappe-bench/apps/frappe/frappe/utils/scheduler.py:
Site: library
Queued events for site library
[DEBUG] 2019-11-12 12:22:50,307 | /home/macorios/frappe-bench/apps/frappe/frappe/utils/scheduler.py:
Site: library
Queued events for site library
[DEBUG] 2019-11-12 12:23:50,542 | /home/macorios/frappe-bench/apps/frappe/frappe/utils/scheduler.py:
Site: library
Queued events for site library
[DEBUG] 2019-11-12 12:24:50,858 | /home/macorios/frappe-bench/apps/frappe/frappe/utils/scheduler.py:
Site: library
Queued events for site library
[DEBUG] 2019-11-12 12:25:51,033 | /home/macorios/frappe-bench/apps/frappe/frappe/utils/scheduler.py:
Site: library
Queued events for site library
[DEBUG] 2019-11-12 12:26:51,165 | /home/macorios/frappe-bench/apps/frappe/frappe/utils/scheduler.py:
Site: library
Queued events for site library
[DEBUG] 2019-11-12 12:27:51,414 | /home/macorios/frappe-bench/apps/frappe/frappe/utils/scheduler.py:
Site: library
Queued events for site library
[DEBUG] 2019-11-12 12:28:51,820 | /home/macorios/frappe-bench/apps/frappe/frappe/utils/scheduler.py:
Site: library
Queued events for site library
[DEBUG] 2019-11-12 12:29:51,962 | /home/macorios/frappe-bench/apps/frappe/frappe/utils/scheduler.py:
Site: library
Queued events for site library
[DEBUG] 2019-11-12 12:30:52,220 | /home/macorios/frappe-bench/apps/frappe/frappe/utils/scheduler.py:
Site: library
Queued events for site library
[DEBUG] 2019-11-12 12:31:52,354 | /home/macorios/frappe-bench/apps/frappe/frappe/utils/scheduler.py:
Site: library
Queued events for site library
[DEBUG] 2019-11-12 12:32:52,710 | /home/macorios/frappe-bench/apps/frappe/frappe/utils/scheduler.py:
Site: library
Queued events for site library
[DEBUG] 2019-11-12 12:33:52,935 | /home/macorios/frappe-bench/apps/frappe/frappe/utils/scheduler.py:
Site: library
Queued events for site library
[DEBUG] 2019-11-12 12:34:53,192 | /home/macorios/frappe-bench/apps/frappe/frappe/utils/scheduler.py:
Site: library
Queued events for site library
[DEBUG] 2019-11-12 12:35:53,475 | /home/macorios/frappe-bench/apps/frappe/frappe/utils/scheduler.py:
Site: library
Queued events for site library
[DEBUG] 2019-11-12 12:36:54,048 | /home/macorios/frappe-bench/apps/frappe/frappe/utils/scheduler.py:
Site: library
Queued events for site library
[DEBUG] 2019-11-12 12:37:54,345 | /home/macorios/frappe-bench/apps/frappe/frappe/utils/scheduler.py:
Site: library
Queued events for site library
[DEBUG] 2019-11-12 12:38:54,631 | /home/macorios/frappe-bench/apps/frappe/frappe/utils/scheduler.py:
Site: library
Queued events for site library
[DEBUG] 2019-11-12 12:39:54,933 | /home/macorios/frappe-bench/apps/frappe/frappe/utils/scheduler.py:
Site: library
Queued events for site library
[DEBUG] 2019-11-12 12:40:55,442 | /home/macorios/frappe-bench/apps/frappe/frappe/utils/scheduler.py:
Site: library
Queued events for site library
[DEBUG] 2019-11-12 12:41:55,694 | /home/macorios/frappe-bench/apps/frappe/frappe/utils/scheduler.py:
Site: library
Queued events for site library
[DEBUG] 2019-11-12 12:42:55,887 | /home/macorios/frappe-bench/apps/frappe/frappe/utils/scheduler.py:
Site: library
Queued events for site library
[DEBUG] 2019-11-12 12:43:56,065 | /home/macorios/frappe-bench/apps/frappe/frappe/utils/scheduler.py:
Site: library
Queued events for site library
[DEBUG] 2019-11-12 12:44:56,329 | /home/macorios/frappe-bench/apps/frappe/frappe/utils/scheduler.py:
Site: library
Queued events for site library
[DEBUG] 2019-11-12 12:48:07,363 | /home/macorios/frappe-bench/apps/frappe/frappe/utils/scheduler.py:
Site: library
Queued events for site library
[DEBUG] 2019-11-12 12:49:07,631 | /home/macorios/frappe-bench/apps/frappe/frappe/utils/scheduler.py:
Site: library
Queued events for site library
[DEBUG] 2019-11-12 12:50:07,892 | /home/macorios/frappe-bench/apps/frappe/frappe/utils/scheduler.py:
Site: library
Queued events for site library
[DEBUG] 2019-11-12 12:51:08,026 | /home/macorios/frappe-bench/apps/frappe/frappe/utils/scheduler.py:
Site: library
Queued events for site library
[DEBUG] 2019-11-12 12:52:08,260 | /home/macorios/frappe-bench/apps/frappe/frappe/utils/scheduler.py:
Site: library
Queued events for site library
[DEBUG] 2019-11-12 12:53:08,376 | /home/macorios/frappe-bench/apps/frappe/frappe/utils/scheduler.py:
Site: library
Queued events for site library
[DEBUG] 2019-11-12 12:54:08,585 | /home/macorios/frappe-bench/apps/frappe/frappe/utils/scheduler.py:
Site: library
Queued events for site library
[DEBUG] 2019-11-12 12:55:08,766 | /home/macorios/frappe-bench/apps/frappe/frappe/utils/scheduler.py:
Site: library
Queued events for site library
[DEBUG] 2019-11-12 12:56:09,068 | /home/macorios/frappe-bench/apps/frappe/frappe/utils/scheduler.py:
Site: library
Queued events for site library
[DEBUG] 2019-11-12 12:57:09,227 | /home/macorios/frappe-bench/apps/frappe/frappe/utils/scheduler.py:
Site: library
Queued events for site library
[DEBUG] 2019-11-12 12:58:09,394 | /home/macorios/frappe-bench/apps/frappe/frappe/utils/scheduler.py:
Site: library
Queued events for site library
[DEBUG] 2019-11-12 12:59:09,756 | /home/macorios/frappe-bench/apps/frappe/frappe/utils/scheduler.py:
Site: library
Queued events for site library
[DEBUG] 2019-11-12 13:00:10,173 | /home/macorios/frappe-bench/apps/frappe/frappe/utils/scheduler.py:
Site: library
Queued events for site library
[DEBUG] 2019-11-12 13:01:10,364 | /home/macorios/frappe-bench/apps/frappe/frappe/utils/scheduler.py:
Site: library
Queued events for site library
[DEBUG] 2019-11-12 13:02:10,643 | /home/macorios/frappe-bench/apps/frappe/frappe/utils/scheduler.py:
Site: library
Queued events for site library
[DEBUG] 2019-11-12 13:03:10,947 | /home/macorios/frappe-bench/apps/frappe/frappe/utils/scheduler.py:
Site: library
Queued events for site library
[DEBUG] 2019-11-12 13:04:11,290 | /home/macorios/frappe-bench/apps/frappe/frappe/utils/scheduler.py:
Site: library
Queued events for site library
[DEBUG] 2019-11-12 13:05:11,492 | /home/macorios/frappe-bench/apps/frappe/frappe/utils/scheduler.py:
Site: library
Queued events for site library
[DEBUG] 2019-11-12 13:06:11,760 | /home/macorios/frappe-bench/apps/frappe/frappe/utils/scheduler.py:
Site: library
Queued events for site library
[DEBUG] 2019-11-12 13:07:11,948 | /home/macorios/frappe-bench/apps/frappe/frappe/utils/scheduler.py:
Site: library
Queued events for site library
[DEBUG] 2019-11-12 13:08:12,215 | /home/macorios/frappe-bench/apps/frappe/frappe/utils/scheduler.py:
Site: library
Queued events for site library
[DEBUG] 2019-11-12 13:09:12,516 | /home/macorios/frappe-bench/apps/frappe/frappe/utils/scheduler.py:
Site: library
Queued events for site library
[DEBUG] 2019-11-12 13:10:12,826 | /home/macorios/frappe-bench/apps/frappe/frappe/utils/scheduler.py:
Site: library
Queued events for site library
[DEBUG] 2019-11-12 13:11:13,003 | /home/macorios/frappe-bench/apps/frappe/frappe/utils/scheduler.py:
Site: library
Queued events for site library
[DEBUG] 2019-11-12 13:12:14,606 | /home/macorios/frappe-bench/apps/frappe/frappe/utils/scheduler.py:
Site: library
Queued events for site library
[DEBUG] 2019-11-12 13:13:14,887 | /home/macorios/frappe-bench/apps/frappe/frappe/utils/scheduler.py:
Site: library
Queued events for site library
[DEBUG] 2019-11-12 13:14:15,072 | /home/macorios/frappe-bench/apps/frappe/frappe/utils/scheduler.py:
Site: library
Queued events for site library
[DEBUG] 2019-11-12 13:15:15,207 | /home/macorios/frappe-bench/apps/frappe/frappe/utils/scheduler.py:
Site: library
Queued events for site library
[DEBUG] 2019-11-12 13:16:15,475 | /home/macorios/frappe-bench/apps/frappe/frappe/utils/scheduler.py:
Site: library
Queued events for site library
[DEBUG] 2019-11-12 13:20:51,225 | /home/macorios/frappe-bench/apps/frappe/frappe/utils/scheduler.py:
Site: library
Queued events for site library
[DEBUG] 2019-11-12 13:21:51,579 | /home/macorios/frappe-bench/apps/frappe/frappe/utils/scheduler.py:
Site: library
Queued events for site library
[DEBUG] 2019-11-12 13:22:51,848 | /home/macorios/frappe-bench/apps/frappe/frappe/utils/scheduler.py:
Site: library
Queued events for site library
[DEBUG] 2019-11-12 13:23:51,996 | /home/macorios/frappe-bench/apps/frappe/frappe/utils/scheduler.py:
Site: library
Queued events for site library
[DEBUG] 2019-11-12 13:24:52,261 | /home/macorios/frappe-bench/apps/frappe/frappe/utils/scheduler.py:
Site: library
Queued events for site library
[DEBUG] 2019-11-12 13:25:52,433 | /home/macorios/frappe-bench/apps/frappe/frappe/utils/scheduler.py:
Site: library
Queued events for site library
[DEBUG] 2019-11-12 13:26:52,687 | /home/macorios/frappe-bench/apps/frappe/frappe/utils/scheduler.py:
Site: library
Queued events for site library
[DEBUG] 2019-11-12 13:27:52,895 | /home/macorios/frappe-bench/apps/frappe/frappe/utils/scheduler.py:
Site: library
Queued events for site library
[DEBUG] 2019-11-12 13:28:53,305 | /home/macorios/frappe-bench/apps/frappe/frappe/utils/scheduler.py:
Site: library
Queued events for site library
[DEBUG] 2019-11-12 13:29:53,501 | /home/macorios/frappe-bench/apps/frappe/frappe/utils/scheduler.py:
Site: library
Queued events for site library
[DEBUG] 2019-11-12 13:30:53,774 | /home/macorios/frappe-bench/apps/frappe/frappe/utils/scheduler.py:
Site: library
Queued events for site library
[DEBUG] 2019-11-12 13:31:54,296 | /home/macorios/frappe-bench/apps/frappe/frappe/utils/scheduler.py:
Site: library
Queued events for site library
[DEBUG] 2019-11-12 13:32:54,751 | /home/macorios/frappe-bench/apps/frappe/frappe/utils/scheduler.py:
Site: library
Queued events for site library
[DEBUG] 2019-11-13 11:42:06,180 | /home/macorios/frappe-bench/apps/frappe/frappe/utils/scheduler.py:
Site: library
Queued events for site library
[DEBUG] 2019-11-13 11:43:06,480 | /home/macorios/frappe-bench/apps/frappe/frappe/utils/scheduler.py:
Site: library
Queued events for site library
[DEBUG] 2019-11-13 11:44:07,001 | /home/macorios/frappe-bench/apps/frappe/frappe/utils/scheduler.py:
Site: library
Queued events for site library
[DEBUG] 2019-11-13 11:45:10,228 | /home/macorios/frappe-bench/apps/frappe/frappe/utils/scheduler.py:
Site: library
Queued events for site library
[DEBUG] 2019-11-13 11:46:10,560 | /home/macorios/frappe-bench/apps/frappe/frappe/utils/scheduler.py:
Site: library
Queued events for site library
[DEBUG] 2019-11-13 11:48:42,316 | /home/macorios/frappe-bench/apps/frappe/frappe/utils/scheduler.py:
Site: library
Queued events for site library
[DEBUG] 2019-11-13 11:49:42,784 | /home/macorios/frappe-bench/apps/frappe/frappe/utils/scheduler.py:
Site: library
Queued events for site library
[DEBUG] 2019-11-14 20:25:15,589 | /home/macorios/frappe-bench/apps/frappe/frappe/utils/scheduler.py:
Site: library
Queued events for site library
[DEBUG] 2019-11-14 20:26:15,876 | /home/macorios/frappe-bench/apps/frappe/frappe/utils/scheduler.py:
Site: library
Queued events for site library
[DEBUG] 2019-11-14 20:27:16,122 | /home/macorios/frappe-bench/apps/frappe/frappe/utils/scheduler.py:
Site: library
Queued events for site library
[DEBUG] 2019-11-14 20:28:16,817 | /home/macorios/frappe-bench/apps/frappe/frappe/utils/scheduler.py:
Site: library
Queued events for site library
[DEBUG] 2019-11-14 20:30:11,757 | /home/macorios/frappe-bench/apps/frappe/frappe/utils/scheduler.py:
Site: library
Queued events for site library
[DEBUG] 2019-11-14 20:31:12,019 | /home/macorios/frappe-bench/apps/frappe/frappe/utils/scheduler.py:
Site: library
Queued events for site library
[DEBUG] 2019-11-14 20:32:12,388 | /home/macorios/frappe-bench/apps/frappe/frappe/utils/scheduler.py:
Site: library
Queued events for site library
[DEBUG] 2019-11-14 20:36:54,034 | /home/macorios/frappe-bench/apps/frappe/frappe/utils/scheduler.py:
Site: library
Queued events for site library
[DEBUG] 2019-11-14 20:37:54,360 | /home/macorios/frappe-bench/apps/frappe/frappe/utils/scheduler.py:
Site: library
Queued events for site library
[DEBUG] 2019-11-14 20:38:54,617 | /home/macorios/frappe-bench/apps/frappe/frappe/utils/scheduler.py:
Site: library
Queued events for site library
[DEBUG] 2019-11-14 20:39:54,847 | /home/macorios/frappe-bench/apps/frappe/frappe/utils/scheduler.py:
Site: library
Queued events for site library
[DEBUG] 2019-11-14 20:40:55,157 | /home/macorios/frappe-bench/apps/frappe/frappe/utils/scheduler.py:
Site: library
Queued events for site library
[DEBUG] 2019-11-14 20:41:55,371 | /home/macorios/frappe-bench/apps/frappe/frappe/utils/scheduler.py:
Site: library
Queued events for site library
[DEBUG] 2019-11-14 20:42:55,640 | /home/macorios/frappe-bench/apps/frappe/frappe/utils/scheduler.py:
Site: library
Queued events for site library
[DEBUG] 2019-11-14 20:43:55,861 | /home/macorios/frappe-bench/apps/frappe/frappe/utils/scheduler.py:
Site: library
Queued events for site library
[DEBUG] 2019-11-14 20:44:56,336 | /home/macorios/frappe-bench/apps/frappe/frappe/utils/scheduler.py:
Site: library
Queued events for site library
[DEBUG] 2019-11-14 20:45:56,639 | /home/macorios/frappe-bench/apps/frappe/frappe/utils/scheduler.py:
Site: library
Queued events for site library
[DEBUG] 2019-11-14 20:46:56,923 | /home/macorios/frappe-bench/apps/frappe/frappe/utils/scheduler.py:
Site: library
Queued events for site library
[DEBUG] 2019-11-14 20:47:57,208 | /home/macorios/frappe-bench/apps/frappe/frappe/utils/scheduler.py:
Site: library
Queued events for site library
[DEBUG] 2019-11-14 20:48:57,595 | /home/macorios/frappe-bench/apps/frappe/frappe/utils/scheduler.py:
Site: library
Queued events for site library
[DEBUG] 2019-11-14 20:49:57,820 | /home/macorios/frappe-bench/apps/frappe/frappe/utils/scheduler.py:
Site: library
Queued events for site library
[DEBUG] 2019-11-14 20:50:58,047 | /home/macorios/frappe-bench/apps/frappe/frappe/utils/scheduler.py:
Site: library
Queued events for site library
[DEBUG] 2019-11-14 20:51:58,200 | /home/macorios/frappe-bench/apps/frappe/frappe/utils/scheduler.py:
Site: library
Queued events for site library
[DEBUG] 2019-11-14 20:52:58,535 | /home/macorios/frappe-bench/apps/frappe/frappe/utils/scheduler.py:
Site: library
Queued events for site library
[DEBUG] 2019-11-14 20:53:58,787 | /home/macorios/frappe-bench/apps/frappe/frappe/utils/scheduler.py:
Site: library
Queued events for site library
[DEBUG] 2019-11-14 20:54:58,999 | /home/macorios/frappe-bench/apps/frappe/frappe/utils/scheduler.py:
Site: library
Queued events for site library
[DEBUG] 2019-11-14 20:55:59,417 | /home/macorios/frappe-bench/apps/frappe/frappe/utils/scheduler.py:
Site: library
Queued events for site library
[DEBUG] 2019-11-14 20:56:59,740 | /home/macorios/frappe-bench/apps/frappe/frappe/utils/scheduler.py:
Site: library
Queued events for site library
[DEBUG] 2019-11-14 20:57:59,927 | /home/macorios/frappe-bench/apps/frappe/frappe/utils/scheduler.py:
Site: library
Queued events for site library
[DEBUG] 2019-11-14 20:59:00,092 | /home/macorios/frappe-bench/apps/frappe/frappe/utils/scheduler.py:
Site: library
Queued events for site library
[DEBUG] 2019-11-14 21:00:00,769 | /home/macorios/frappe-bench/apps/frappe/frappe/utils/scheduler.py:
Site: library
Queued events for site library
[DEBUG] 2019-11-14 21:01:00,995 | /home/macorios/frappe-bench/apps/frappe/frappe/utils/scheduler.py:
Site: library
Queued events for site library
